<?xml version="1.0" encoding="utf-8"?><testsuites name="pytest tests"><testsuite name="pytest" errors="0" failures="0" skipped="0" tests="39" time="6.862" timestamp="2026-07-05T11:34:11.473076+00:00" hostname="agent-env-ff1b7457-343b-48c2-883a-6d17e241be24"><testcase classname="tests.backend_test.TestAuth" name="test_login_customer_success" time="0.631" /><testcase classname="tests.backend_test.TestAuth" name="test_login_admin_role" time="0.510" /><testcase classname="tests.backend_test.TestCustomerRoutes" name="test_dashboard" time="1.146" /><testcase classname="tests.backend_test.TestAuth" name="test_login_super_admin_role" time="0.393" /><testcase classname="tests.backend_test.TestCustomerRoutes" name="test_tree" time="0.107" /><testcase classname="tests.backend_test.TestCustomerRoutes" name="test_referrals" time="0.249" /><testcase classname="tests.backend_test.TestCustomerRoutes" name="test_commissions" time="0.113" /><testcase classname="tests.backend_test.TestAuth" name="test_login_wrong_password" time="0.351" /><testcase classname="tests.backend_test.TestCustomerRoutes" name="test_wallet" time="0.274" /><testcase classname="tests.backend_test.TestAuth" name="test_register_new_pending_user_no_referral" time="0.323" /><testcase classname="tests.backend_test.TestCustomerRoutes" name="test_bank_account_masked" time="0.319" /><testcase classname="tests.backend_test.TestAuth" name="test_register_duplicate_email" time="0.102" /><testcase classname="tests.backend_test.TestCustomerRoutes" name="test_withdrawal_requires_bank_account" time="0.097" /><testcase classname="tests.backend_test.TestCustomerRoutes" name="test_withdrawal_insufficient_balance" time="0.369" /><testcase classname="tests.backend_test.TestAuth" name="test_me_endpoint" time="0.507" /><testcase classname="tests.backend_test.TestCustomerRoutes" name="test_profile_update" time="0.098" /><testcase classname="tests.backend_test.TestAuth" name="test_me_no_token_unauthorized" time="0.276" /><testcase classname="tests.backend_test.TestAdminUsers" name="test_list_users_with_counts" time="0.419" /><testcase classname="tests.backend_test.TestPublic" name="test_scooters_list_has_price" time="0.101" /><testcase classname="tests.backend_test.TestAdminUsers" name="test_list_users_filter_status" time="0.095" /><testcase classname="tests.backend_test.TestAdminUsers" name="test_update_user_status_and_audit_log" time="0.642" /><testcase classname="tests.backend_test.TestPublic" name="test_referral_validate_valid" time="0.541" /><testcase classname="tests.backend_test.TestPublic" name="test_referral_validate_invalid" time="0.095" /><testcase classname="tests.backend_test.TestPublic" name="test_tree_preview_placement" time="0.100" /><testcase classname="tests.backend_test.TestAdminUsers" name="test_admin_tree_root" time="0.107" /><testcase classname="tests.backend_test.TestCommissionWorkflow" name="test_approve_mark_paid_creates_wallet_txn" time="0.299" /><testcase classname="tests.backend_test.TestAdminUsers" name="test_admin_tree_integrity" time="0.141" /><testcase classname="tests.backend_test.TestCommissionWorkflow" name="test_cannot_mark_rejected_as_paid" time="0.457" /><testcase classname="tests.backend_test.TestPurchaseFlow" name="test_full_purchase_activation" time="1.048" /><testcase classname="tests.backend_test.TestCommissionWorkflow" name="test_reverse_commission" time="0.195" /><testcase classname="tests.backend_test.TestSettings" name="test_get_settings" time="0.097" /><testcase classname="tests.backend_test.TestSettings" name="test_update_settings" time="0.098" /><testcase classname="tests.backend_test.TestHealth" name="test_api_root" time="0.122" /><testcase classname="tests.backend_test.TestAdminOrders" name="test_list_orders" time="0.097" /><testcase classname="tests.backend_test.TestPurchaseFlow" name="test_register_no_referral_and_activate" time="0.707" /><testcase classname="tests.backend_test.TestWithdrawalWorkflow" name="test_approve_and_mark_paid" time="0.449" /><testcase classname="tests.backend_test.TestCommissionIdempotency" name="test_unique_index_prevents_duplicates" time="0.103" /><testcase classname="tests.backend_test.TestAdminAuth" name="test_customer_forbidden_on_admin" time="0.103" /><testcase classname="tests.backend_test.TestAdminAuth" name="test_admin_dashboard" time="0.106" /></testsuite></testsuites>