<?xml version="1.0" encoding="utf-8"?><testsuites name="pytest tests"><testsuite name="pytest" errors="0" failures="0" skipped="0" tests="31" time="14.756" timestamp="2026-07-07T14:40:27.683397+00:00" hostname="agent-env-ff1b7457-343b-48c2-883a-6d17e241be24"><testcase classname="tests.backend_test.TestV4Auth" name="test_new_admin_login_success" time="0.467" /><testcase classname="tests.backend_test.TestV4Auth" name="test_old_admin_login_fails" time="0.102" /><testcase classname="tests.backend_test.TestV4Auth" name="test_new_admin_wrong_password_401" time="0.314" /><testcase classname="tests.backend_test.TestHealth" name="test_api_root" time="0.098" /><testcase classname="tests.backend_test.TestHealth" name="test_config_dreampick_branding" time="0.108" /><testcase classname="tests.backend_test.TestMediaCategories" name="test_upload_company_logo_single_slot" time="1.142" /><testcase classname="tests.backend_test.TestMediaCategories" name="test_upload_invalid_category_400" time="0.101" /><testcase classname="tests.backend_test.TestMediaCategories" name="test_gallery_image_multi_slot" time="0.993" /><testcase classname="tests.backend_test.TestMediaCategories" name="test_public_media_by_category_no_leakage" time="1.115" /><testcase classname="tests.backend_test.TestMediaCategories" name="test_public_media_logo_returns_only_current" time="0.516" /><testcase classname="tests.backend_test.TestMediaCategories" name="test_delete_media_removes_file" time="0.473" /><testcase classname="tests.backend_test.TestRegistrationAndActivation" name="test_register_creates_pending_customer" time="0.331" /><testcase classname="tests.backend_test.TestRegistrationAndActivation" name="test_create_order_pending" time="0.424" /><testcase classname="tests.backend_test.TestRegistrationAndActivation" name="test_activate_creates_cashback" time="0.654" /><testcase classname="tests.backend_test.TestListEndpoints" name="test_admin_dashboard" time="0.104" /><testcase classname="tests.backend_test.TestListEndpoints" name="test_admin_commissions_list" time="0.095" /><testcase classname="tests.backend_test.TestListEndpoints" name="test_admin_cashback_list" time="0.099" /><testcase classname="tests.backend_test.TestListEndpoints" name="test_admin_withdrawals_list" time="0.106" /><testcase classname="tests.backend_test.TestListEndpoints" name="test_admin_users_no_password_hash" time="0.107" /><testcase classname="tests.backend_test.TestBankReveal" name="test_reveal_with_reason" time="0.648" /><testcase classname="tests.backend_test.TestV5LeadershipMedia" name="test_md_photo_upload_and_replace" time="0.699" /><testcase classname="tests.backend_test.TestV5LeadershipMedia" name="test_co_director_photo_upload" time="0.401" /><testcase classname="tests.backend_test.TestV5LicenseMedia" name="test_license_image_upload_with_metadata" time="0.538" /><testcase classname="tests.backend_test.TestV5LicenseMedia" name="test_license_pdf_upload" time="0.586" /><testcase classname="tests.backend_test.TestV5LicenseMedia" name="test_license_rejects_mp4" time="0.104" /><testcase classname="tests.backend_test.TestV5LicenseMedia" name="test_license_single_slot_replace" time="0.710" /><testcase classname="tests.backend_test.TestV5LicenseMedia" name="test_all_six_license_slots_exist" time="1.699" /><testcase classname="tests.backend_test.TestV5AuthOnMediaAndReset" name="test_media_upload_requires_admin" time="0.102" /><testcase classname="tests.backend_test.TestV5AuthOnMediaAndReset" name="test_reset_requires_admin" time="0.088" /><testcase classname="tests.backend_test.TestV5AuthOnMediaAndReset" name="test_reset_wrong_confirm" time="0.101" /><testcase classname="tests.backend_test.TestV5ResetProductionDataZZZLast" name="test_reset_wipes_data_preserves_admin_and_media" time="1.615" /></testsuite></testsuites>